<?xml version="1.0" encoding="UTF-8"?>
<!-- Generated by org.testng.reporters.JUnitReportReporter -->
<testsuite hostname="Murali_S" failures="0" tests="1" name="testcase.TestCase1" time="64.555" errors="0" timestamp="2024-02-12T15:13:17 IST" skipped="0">
  <testcase classname="testcase.TestCase1" name="login_test" time="64.555"/>
</testsuite> <!-- testcase.TestCase1 -->
