<?xml version="1.0" encoding="UTF-8"?>
<!-- Generated by org.testng.reporters.JUnitReportReporter -->
<testsuite hostname="Murali_S" failures="0" tests="1" name="testcase.LoginTestcase" time="7.350" errors="0" timestamp="2024-02-13T13:07:13 IST" skipped="0">
  <testcase classname="testcase.LoginTestcase" name="login_test" time="7.350"/>
  <system-out/>
</testsuite> <!-- testcase.LoginTestcase -->
